<?xml version="1.0" encoding="utf-8" standalone="no"?>
<!--This file represents the results of running a test suite-->
<test-results name="C:\Users\rrozasn\Desktop\CharlaBDDSpecFlowCypress\ConsoleBDDSpecFlow\bin\Debug\ConsoleBDDSpecFlow.exe" total="0" errors="0" failures="0" not-run="0" inconclusive="0" ignored="0" skipped="0" invalid="0" date="2018-04-12" time="16:22:51">
  <environment nunit-version="3.5.0.0" clr-version="4.0.30319.42000" os-version="Microsoft Windows NT 10.0.15063.0" platform="Win32NT" cwd="C:\Users\rrozasn\Desktop\CharlaBDDSpecFlowCypress\ConsoleBDDSpecFlow" machine-name="HACHIMAN" user="rrozasn" user-domain="NUBOX" />
  <culture-info current-culture="es-CL" current-uiculture="es-ES" />
  <test-suite type="Assembly" name="C:\Users\rrozasn\Desktop\CharlaBDDSpecFlowCypress\ConsoleBDDSpecFlow\bin\Debug\ConsoleBDDSpecFlow.exe" executed="True" result="Failure" success="False" time="0.000" asserts="">
    <properties>
      <property name="_SKIPREASON" value="File not found: C:\Users\rrozasn\Desktop\CharlaBDDSpecFlowCypress\ConsoleBDDSpecFlow\bin\Debug\ConsoleBDDSpecFlow.exe" />
    </properties>
    <reason>
      <message><![CDATA[File not found: C:\Users\rrozasn\Desktop\CharlaBDDSpecFlowCypress\ConsoleBDDSpecFlow\bin\Debug\ConsoleBDDSpecFlow.exe]]></message>
    </reason>
    <results />
  </test-suite>
</test-results>